  fastlz.c
C:\Users\rapha\Documents\GitHub\gmod-lua-shared\Bootil\src\3rdParty\fastlz\fastlz.c(232,23): warning C4244: "=": Konvertierung von "__int64" in "flzuint32", möglicher Datenverlust
C:\Users\rapha\Documents\GitHub\gmod-lua-shared\Bootil\src\3rdParty\fastlz\fastlz.c(302,14): warning C4244: "=": Konvertierung von "__int64" in "flzuint32", möglicher Datenverlust
C:\Users\rapha\Documents\GitHub\gmod-lua-shared\Bootil\src\3rdParty\fastlz\fastlz.c(415,13): warning C4244: "return": Konvertierung von "__int64" in "int", möglicher Datenverlust
C:\Users\rapha\Documents\GitHub\gmod-lua-shared\Bootil\src\3rdParty\fastlz\fastlz.c(546,13): warning C4244: "return": Konvertierung von "__int64" in "int", möglicher Datenverlust
C:\Users\rapha\Documents\GitHub\gmod-lua-shared\Bootil\src\3rdParty\fastlz\fastlz.c(232,23): warning C4244: "=": Konvertierung von "__int64" in "flzuint32", möglicher Datenverlust
C:\Users\rapha\Documents\GitHub\gmod-lua-shared\Bootil\src\3rdParty\fastlz\fastlz.c(302,14): warning C4244: "=": Konvertierung von "__int64" in "flzuint32", möglicher Datenverlust
C:\Users\rapha\Documents\GitHub\gmod-lua-shared\Bootil\src\3rdParty\fastlz\fastlz.c(415,13): warning C4244: "return": Konvertierung von "__int64" in "int", möglicher Datenverlust
C:\Users\rapha\Documents\GitHub\gmod-lua-shared\Bootil\src\3rdParty\fastlz\fastlz.c(546,13): warning C4244: "return": Konvertierung von "__int64" in "int", möglicher Datenverlust
  Alloc.c
  LzFind.c
  LzmaDec.c
  LzmaEnc.c
  LzmaLib.c
  adler32.c
  compress.c
  crc32.c
  deflate.c
  gzclose.c
  gzlib.c
C:\Users\rapha\Documents\GitHub\gmod-lua-shared\Bootil\src\3rdParty\zlib\gzlib.c(193,15): warning C4996: 'wcstombs': This function or variable may be unsafe. Consider using wcstombs_s instead. To disable deprecation, use _CRT_SECURE_NO_WARNINGS. See online help for details.
C:\Users\rapha\Documents\GitHub\gmod-lua-shared\Bootil\src\3rdParty\zlib\gzlib.c(208,13): warning C4996: 'wcstombs': This function or variable may be unsafe. Consider using wcstombs_s instead. To disable deprecation, use _CRT_SECURE_NO_WARNINGS. See online help for details.
C:\Users\rapha\Documents\GitHub\gmod-lua-shared\Bootil\src\3rdParty\zlib\gzlib.c(214,9): warning C4996: '_snprintf': This function or variable may be unsafe. Consider using _snprintf_s instead. To disable deprecation, use _CRT_SECURE_NO_WARNINGS. See online help for details.
C:\Users\rapha\Documents\GitHub\gmod-lua-shared\Bootil\src\3rdParty\zlib\gzlib.c(243,20): warning C4996: '_wopen': This function or variable may be unsafe. Consider using _wsopen_s instead. To disable deprecation, use _CRT_SECURE_NO_WARNINGS. See online help for details.
C:\Users\rapha\Documents\GitHub\gmod-lua-shared\Bootil\src\3rdParty\zlib\gzlib.c(245,9): warning C4996: 'open': The POSIX name for this item is deprecated. Instead, use the ISO C and C++ conformant name: _open. See online help for details.
C:\Users\rapha\Documents\GitHub\gmod-lua-shared\Bootil\src\3rdParty\zlib\gzlib.c(294,5): warning C4996: '_snprintf': This function or variable may be unsafe. Consider using _snprintf_s instead. To disable deprecation, use _CRT_SECURE_NO_WARNINGS. See online help for details.
C:\Users\rapha\Documents\GitHub\gmod-lua-shared\Bootil\src\3rdParty\zlib\gzlib.c(607,5): warning C4996: '_snprintf': This function or variable may be unsafe. Consider using _snprintf_s instead. To disable deprecation, use _CRT_SECURE_NO_WARNINGS. See online help for details.
  gzread.c
C:\Users\rapha\Documents\GitHub\gmod-lua-shared\Bootil\src\3rdParty\zlib\gzread.c(30,15): warning C4996: 'read': The POSIX name for this item is deprecated. Instead, use the ISO C and C++ conformant name: _read. See online help for details.
C:\Users\rapha\Documents\GitHub\gmod-lua-shared\Bootil\src\3rdParty\zlib\gzread.c(36,34): warning C4996: 'strerror': This function or variable may be unsafe. Consider using strerror_s instead. To disable deprecation, use _CRT_SECURE_NO_WARNINGS. See online help for details.
C:\Users\rapha\Documents\GitHub\gmod-lua-shared\Bootil\src\3rdParty\zlib\gzread.c(591,11): warning C4996: 'close': The POSIX name for this item is deprecated. Instead, use the ISO C and C++ conformant name: _close. See online help for details.
  gzwrite.c
C:\Users\rapha\Documents\GitHub\gmod-lua-shared\Bootil\src\3rdParty\zlib\gzwrite.c(84,15): warning C4996: 'write': The POSIX name for this item is deprecated. Instead, use the ISO C and C++ conformant name: _write. See online help for details.
C:\Users\rapha\Documents\GitHub\gmod-lua-shared\Bootil\src\3rdParty\zlib\gzwrite.c(86,38): warning C4996: 'strerror': This function or variable may be unsafe. Consider using strerror_s instead. To disable deprecation, use _CRT_SECURE_NO_WARNINGS. See online help for details.
C:\Users\rapha\Documents\GitHub\gmod-lua-shared\Bootil\src\3rdParty\zlib\gzwrite.c(101,33): warning C4996: 'write': The POSIX name for this item is deprecated. Instead, use the ISO C and C++ conformant name: _write. See online help for details.
C:\Users\rapha\Documents\GitHub\gmod-lua-shared\Bootil\src\3rdParty\zlib\gzwrite.c(103,42): warning C4996: 'strerror': This function or variable may be unsafe. Consider using strerror_s instead. To disable deprecation, use _CRT_SECURE_NO_WARNINGS. See online help for details.
C:\Users\rapha\Documents\GitHub\gmod-lua-shared\Bootil\src\3rdParty\zlib\gzwrite.c(573,9): warning C4996: 'close': The POSIX name for this item is deprecated. Instead, use the ISO C and C++ conformant name: _close. See online help for details.
  infback.c
  inffast.c
  inflate.c
  inftrees.c
  trees.c
  uncompr.c
  Code wird generiert...
  Kompilieren...
  zutil.c
  Code wird generiert...
  globber.cpp
  happyhttp.cpp
C:\Users\rapha\Documents\GitHub\gmod-lua-shared\Bootil\src\3rdParty\happyhttp\happyhttp.cpp(185,17): warning C4996: 'inet_addr': Use inet_pton() or InetPton() instead or define _WINSOCK_DEPRECATED_NO_WARNINGS to disable deprecated API warnings
C:\Users\rapha\Documents\GitHub\gmod-lua-shared\Bootil\src\3rdParty\happyhttp\happyhttp.cpp(189,9): warning C4996: 'gethostbyname': Use getaddrinfo() or GetAddrInfoW() instead or define _WINSOCK_DEPRECATED_NO_WARNINGS to disable deprecated API warnings
C:\Users\rapha\Documents\GitHub\gmod-lua-shared\Bootil\src\3rdParty\happyhttp\happyhttp.cpp(213,10): warning C4996: '_vsnprintf': This function or variable may be unsafe. Consider using _vsnprintf_s instead. To disable deprecation, use _CRT_SECURE_NO_WARNINGS. See online help for details.
C:\Users\rapha\Documents\GitHub\gmod-lua-shared\Bootil\src\3rdParty\happyhttp\happyhttp.cpp(269,17): warning C4244: "=": Konvertierung von "SOCKET" in "int", möglicher Datenverlust
C:\Users\rapha\Documents\GitHub\gmod-lua-shared\Bootil\src\3rdParty\happyhttp\happyhttp.cpp(364,2): warning C4996: 'sprintf': This function or variable may be unsafe. Consider using sprintf_s instead. To disable deprecation, use _CRT_SECURE_NO_WARNINGS. See online help for details.
C:\Users\rapha\Documents\GitHub\gmod-lua-shared\Bootil\src\3rdParty\happyhttp\happyhttp.cpp(388,2): warning C4996: 'sprintf': This function or variable may be unsafe. Consider using sprintf_s instead. To disable deprecation, use _CRT_SECURE_NO_WARNINGS. See online help for details.
C:\Users\rapha\Documents\GitHub\gmod-lua-shared\Bootil\src\3rdParty\happyhttp\happyhttp.cpp(408,51): warning C4267: "Argument": Konvertierung von "size_t" nach "int", Datenverlust möglich
  jpge.cpp
C:\Users\rapha\Documents\GitHub\gmod-lua-shared\Bootil\src\3rdParty\jpegcompressor\jpge.cpp(923,17): warning C4996: 'jpge::fopen': This function or variable may be unsafe. Consider using fopen_s instead. To disable deprecation, use _CRT_SECURE_NO_WARNINGS. See online help for details.
  crc.cpp
  smhash_md5.cpp
  tinythread.cpp
  unzip.cc
C:\Users\rapha\Documents\GitHub\gmod-lua-shared\Bootil\src\3rdParty\xzip\unzip.cc(181,8): warning C4996: 'fileno': The POSIX name for this item is deprecated. Instead, use the ISO C and C++ conformant name: _fileno. See online help for details.
C:\Users\rapha\Documents\GitHub\gmod-lua-shared\Bootil\src\3rdParty\xzip\unzip.cc(2883,6): warning C4996: 'fopen': This function or variable may be unsafe. Consider using fopen_s instead. To disable deprecation, use _CRT_SECURE_NO_WARNINGS. See online help for details.
C:\Users\rapha\Documents\GitHub\gmod-lua-shared\Bootil\src\3rdParty\xzip\unzip.cc(4074,4): warning C4996: 'strcpy': This function or variable may be unsafe. Consider using strcpy_s instead. To disable deprecation, use _CRT_SECURE_NO_WARNINGS. See online help for details.
C:\Users\rapha\Documents\GitHub\gmod-lua-shared\Bootil\src\3rdParty\xzip\unzip.cc(4107,2): warning C4996: 'getcwd': The POSIX name for this item is deprecated. Instead, use the ISO C and C++ conformant name: _getcwd. See online help for details.
C:\Users\rapha\Documents\GitHub\gmod-lua-shared\Bootil\src\3rdParty\xzip\unzip.cc(4140,2): warning C4996: 'strncpy': This function or variable may be unsafe. Consider using strncpy_s instead. To disable deprecation, use _CRT_SECURE_NO_WARNINGS. See online help for details.
C:\Users\rapha\Documents\GitHub\gmod-lua-shared\Bootil\src\3rdParty\xzip\unzip.cc(4205,2): warning C4996: 'strcpy': This function or variable may be unsafe. Consider using strcpy_s instead. To disable deprecation, use _CRT_SECURE_NO_WARNINGS. See online help for details.
C:\Users\rapha\Documents\GitHub\gmod-lua-shared\Bootil\src\3rdParty\xzip\unzip.cc(4258,2): warning C4996: 'strncpy': This function or variable may be unsafe. Consider using strncpy_s instead. To disable deprecation, use _CRT_SECURE_NO_WARNINGS. See online help for details.
C:\Users\rapha\Documents\GitHub\gmod-lua-shared\Bootil\src\3rdParty\xzip\unzip.cc(4361,2): warning C4996: 'strcpy': This function or variable may be unsafe. Consider using strcpy_s instead. To disable deprecation, use _CRT_SECURE_NO_WARNINGS. See online help for details.
C:\Users\rapha\Documents\GitHub\gmod-lua-shared\Bootil\src\3rdParty\xzip\unzip.cc(4392,3): warning C4996: 'strncpy': This function or variable may be unsafe. Consider using strncpy_s instead. To disable deprecation, use _CRT_SECURE_NO_WARNINGS. See online help for details.
C:\Users\rapha\Documents\GitHub\gmod-lua-shared\Bootil\src\3rdParty\xzip\unzip.cc(4396,24): warning C4996: 'mkdir': The POSIX name for this item is deprecated. Instead, use the ISO C and C++ conformant name: _mkdir. See online help for details.
C:\Users\rapha\Documents\GitHub\gmod-lua-shared\Bootil\src\3rdParty\xzip\unzip.cc(4419,18): warning C4996: 'strncpy': This function or variable may be unsafe. Consider using strncpy_s instead. To disable deprecation, use _CRT_SECURE_NO_WARNINGS. See online help for details.
C:\Users\rapha\Documents\GitHub\gmod-lua-shared\Bootil\src\3rdParty\xzip\unzip.cc(4422,2): warning C4996: 'strncpy': This function or variable may be unsafe. Consider using strncpy_s instead. To disable deprecation, use _CRT_SECURE_NO_WARNINGS. See online help for details.
C:\Users\rapha\Documents\GitHub\gmod-lua-shared\Bootil\src\3rdParty\xzip\unzip.cc(4425,23): warning C4996: 'mkdir': The POSIX name for this item is deprecated. Instead, use the ISO C and C++ conformant name: _mkdir. See online help for details.
C:\Users\rapha\Documents\GitHub\gmod-lua-shared\Bootil\src\3rdParty\xzip\unzip.cc(4509,3): warning C4996: 'strncpy': This function or variable may be unsafe. Consider using strncpy_s instead. To disable deprecation, use _CRT_SECURE_NO_WARNINGS. See online help for details.
C:\Users\rapha\Documents\GitHub\gmod-lua-shared\Bootil\src\3rdParty\xzip\unzip.cc(4515,4): warning C4996: 'sprintf': This function or variable may be unsafe. Consider using sprintf_s instead. To disable deprecation, use _CRT_SECURE_NO_WARNINGS. See online help for details.
C:\Users\rapha\Documents\GitHub\gmod-lua-shared\Bootil\src\3rdParty\xzip\unzip.cc(4520,4): warning C4996: 'sprintf': This function or variable may be unsafe. Consider using sprintf_s instead. To disable deprecation, use _CRT_SECURE_NO_WARNINGS. See online help for details.
C:\Users\rapha\Documents\GitHub\gmod-lua-shared\Bootil\src\3rdParty\xzip\unzip.cc(4525,7): warning C4996: 'fopen': This function or variable may be unsafe. Consider using fopen_s instead. To disable deprecation, use _CRT_SECURE_NO_WARNINGS. See online help for details.
C:\Users\rapha\Documents\GitHub\gmod-lua-shared\Bootil\src\3rdParty\xzip\unzip.cc(4689,2): warning C4996: 'strncpy': This function or variable may be unsafe. Consider using strncpy_s instead. To disable deprecation, use _CRT_SECURE_NO_WARNINGS. See online help for details.
  zip.cc
C:\Users\rapha\Documents\GitHub\gmod-lua-shared\Bootil\src\3rdParty\xzip\zip.cc(666,16): warning C4996: 'gmtime': This function or variable may be unsafe. Consider using gmtime_s instead. To disable deprecation, use _CRT_SECURE_NO_WARNINGS. See online help for details.
C:\Users\rapha\Documents\GitHub\gmod-lua-shared\Bootil\src\3rdParty\xzip\zip.cc(685,8): warning C4996: 'fileno': The POSIX name for this item is deprecated. Instead, use the ISO C and C++ conformant name: _fileno. See online help for details.
C:\Users\rapha\Documents\GitHub\gmod-lua-shared\Bootil\src\3rdParty\xzip\zip.cc(697,16): warning C4996: 'fileno': The POSIX name for this item is deprecated. Instead, use the ISO C and C++ conformant name: _fileno. See online help for details.
C:\Users\rapha\Documents\GitHub\gmod-lua-shared\Bootil\src\3rdParty\xzip\zip.cc(2587,4): warning C4996: 'strcpy': This function or variable may be unsafe. Consider using strcpy_s instead. To disable deprecation, use _CRT_SECURE_NO_WARNINGS. See online help for details.
C:\Users\rapha\Documents\GitHub\gmod-lua-shared\Bootil\src\3rdParty\xzip\zip.cc(2691,11): warning C4996: 'fopen': This function or variable may be unsafe. Consider using fopen_s instead. To disable deprecation, use _CRT_SECURE_NO_WARNINGS. See online help for details.
C:\Users\rapha\Documents\GitHub\gmod-lua-shared\Bootil\src\3rdParty\xzip\zip.cc(2876,14): warning C4996: 'fopen': This function or variable may be unsafe. Consider using fopen_s instead. To disable deprecation, use _CRT_SECURE_NO_WARNINGS. See online help for details.
C:\Users\rapha\Documents\GitHub\gmod-lua-shared\Bootil\src\3rdParty\xzip\zip.cc(2910,8): warning C4996: 'fileno': The POSIX name for this item is deprecated. Instead, use the ISO C and C++ conformant name: _fileno. See online help for details.
C:\Users\rapha\Documents\GitHub\gmod-lua-shared\Bootil\src\3rdParty\xzip\zip.cc(3103,2): warning C4996: 'strncpy': This function or variable may be unsafe. Consider using strncpy_s instead. To disable deprecation, use _CRT_SECURE_NO_WARNINGS. See online help for details.
C:\Users\rapha\Documents\GitHub\gmod-lua-shared\Bootil\src\3rdParty\xzip\zip.cc(3132,2): warning C4996: 'strcpy': This function or variable may be unsafe. Consider using strcpy_s instead. To disable deprecation, use _CRT_SECURE_NO_WARNINGS. See online help for details.
C:\Users\rapha\Documents\GitHub\gmod-lua-shared\Bootil\src\3rdParty\xzip\zip.cc(3136,2): warning C4996: 'strncpy': This function or variable may be unsafe. Consider using strncpy_s instead. To disable deprecation, use _CRT_SECURE_NO_WARNINGS. See online help for details.
C:\Users\rapha\Documents\GitHub\gmod-lua-shared\Bootil\src\3rdParty\xzip\zip.cc(3142,3): warning C4996: 'strcat': This function or variable may be unsafe. Consider using strcat_s instead. To disable deprecation, use _CRT_SECURE_NO_WARNINGS. See online help for details.
C:\Users\rapha\Documents\GitHub\gmod-lua-shared\Bootil\src\3rdParty\xzip\zip.cc(3145,2): warning C4996: 'strcpy': This function or variable may be unsafe. Consider using strcpy_s instead. To disable deprecation, use _CRT_SECURE_NO_WARNINGS. See online help for details.
C:\Users\rapha\Documents\GitHub\gmod-lua-shared\Bootil\src\3rdParty\xzip\zip.cc(3403,2): warning C4996: 'strncpy': This function or variable may be unsafe. Consider using strncpy_s instead. To disable deprecation, use _CRT_SECURE_NO_WARNINGS. See online help for details.
  Base.cpp
  Console.cpp
  ConsoleInput.cpp
C:\Users\rapha\Documents\GitHub\gmod-lua-shared\Bootil\src\Bootil\Console\ConsoleInput.cpp(67,17): warning C4267: "Initialisierung": Konvertierung von "size_t" nach "int", Datenverlust möglich
C:\Users\rapha\Documents\GitHub\gmod-lua-shared\Bootil\src\Bootil\Console\ConsoleInput.cpp(99,73): warning C4267: "Argument": Konvertierung von "size_t" nach "T", Datenverlust möglich
          with
          [
              T=int
          ]
C:\Users\rapha\Documents\GitHub\gmod-lua-shared\Bootil\src\Bootil\Console\ConsoleInput.cpp(105,73): warning C4267: "Argument": Konvertierung von "size_t" nach "T", Datenverlust möglich
          with
          [
              T=int
          ]
  Json.cpp
  Tree.cpp
  Debug.cpp
  Changes.cpp
  File.cpp
C:\Users\rapha\Documents\GitHub\gmod-lua-shared\Bootil\src\Bootil\File\File.cpp(55,55): warning C4244: "Argument": Konvertierung von "std::streamsize" in "unsigned int", möglicher Datenverlust
C:\Users\rapha\Documents\GitHub\gmod-lua-shared\Bootil\src\Bootil\File\File.cpp(61,45): warning C4244: "Argument": Konvertierung von "std::streamsize" in "unsigned int", möglicher Datenverlust
C:\Users\rapha\Documents\GitHub\gmod-lua-shared\Bootil\src\Bootil\File\File.cpp(62,41): warning C4244: "Argument": Konvertierung von "std::streamsize" in "unsigned int", möglicher Datenverlust
C:\Users\rapha\Documents\GitHub\gmod-lua-shared\Bootil\src\Bootil\File\File.cpp(139,48): warning C4267: "return": Konvertierung von "size_t" nach "int", Datenverlust möglich
C:\Users\rapha\Documents\GitHub\gmod-lua-shared\Bootil\src\Bootil\File\File.cpp(150,27): warning C4267: "return": Konvertierung von "size_t" nach "int", Datenverlust möglich
C:\Users\rapha\Documents\GitHub\gmod-lua-shared\Bootil\src\Bootil\File\File.cpp(179,16): warning C4996: 'mkdir': The POSIX name for this item is deprecated. Instead, use the ISO C and C++ conformant name: _mkdir. See online help for details.
C:\Users\rapha\Documents\GitHub\gmod-lua-shared\Bootil\src\Bootil\File\File.cpp(206,4): warning C4996: 'rmdir': The POSIX name for this item is deprecated. Instead, use the ISO C and C++ conformant name: _rmdir. See online help for details.
C:\Users\rapha\Documents\GitHub\gmod-lua-shared\Bootil\src\Bootil\File\File.cpp(212,16): warning C4996: 'unlink': The POSIX name for this item is deprecated. Instead, use the ISO C and C++ conformant name: _unlink. See online help for details.
C:\Users\rapha\Documents\GitHub\gmod-lua-shared\Bootil\src\Bootil\File\File.cpp(231,27): warning C4996: 'getenv': This function or variable may be unsafe. Consider using _dupenv_s instead. To disable deprecation, use _CRT_SECURE_NO_WARNINGS. See online help for details.
C:\Users\rapha\Documents\GitHub\gmod-lua-shared\Bootil\src\Bootil\File\File.cpp(242,4): warning C4996: 'tmpnam': This function or variable may be unsafe. Consider using tmpnam_s instead. To disable deprecation, use _CRT_SECURE_NO_WARNINGS. See online help for details.
  System.cpp
  Image.cpp
  JPEG.cpp
C:\Users\rapha\Documents\GitHub\gmod-lua-shared\Bootil\src\3rdParty\stb_image\stb_image.h(553,11): warning C4312: "Typumwandlung": Konvertierung von "int" in größeren Typ "unsigned char *"
C:\Users\rapha\Documents\GitHub\gmod-lua-shared\Bootil\src\3rdParty\stb_image\stb_image.h(601,11): warning C4312: "Typumwandlung": Konvertierung von "int" in größeren Typ "float *"
C:\Users\rapha\Documents\GitHub\gmod-lua-shared\Bootil\src\3rdParty\stb_image\stb_image.h(760,16): warning C4244: "Initialisierung": Konvertierung von "__int64" in "int", möglicher Datenverlust
C:\Users\rapha\Documents\GitHub\gmod-lua-shared\Bootil\src\3rdParty\stb_image\stb_image.h(773,16): warning C4244: "Initialisierung": Konvertierung von "__int64" in "int", möglicher Datenverlust
C:\Users\rapha\Documents\GitHub\gmod-lua-shared\Bootil\src\3rdParty\stb_image\stb_image.h(845,14): warning C4312: "Typumwandlung": Konvertierung von "int" in größeren Typ "unsigned char *"
C:\Users\rapha\Documents\GitHub\gmod-lua-shared\Bootil\src\3rdParty\stb_image\stb_image.h(883,45): warning C4312: "Typumwandlung": Konvertierung von "int" in größeren Typ "float *"
C:\Users\rapha\Documents\GitHub\gmod-lua-shared\Bootil\src\3rdParty\stb_image\stb_image.h(901,45): warning C4312: "Typumwandlung": Konvertierung von "int" in größeren Typ "unsigned char *"
C:\Users\rapha\Documents\GitHub\gmod-lua-shared\Bootil\src\3rdParty\stb_image\stb_image.h(1812,45): warning C4312: "Typumwandlung": Konvertierung von "int" in größeren Typ "unsigned char *"
C:\Users\rapha\Documents\GitHub\gmod-lua-shared\Bootil\src\3rdParty\stb_image\stb_image.h(1841,65): warning C4312: "Typumwandlung": Konvertierung von "int" in größeren Typ "unsigned char *"
C:\Users\rapha\Documents\GitHub\gmod-lua-shared\Bootil\src\3rdParty\stb_image\stb_image.h(1859,46): warning C4312: "Typumwandlung": Konvertierung von "int" in größeren Typ "unsigned char *"
C:\Users\rapha\Documents\GitHub\gmod-lua-shared\Bootil\src\3rdParty\stb_image\stb_image.h(2833,45): warning C4312: "Typumwandlung": Konvertierung von "int" in größeren Typ "unsigned char *"
C:\Users\rapha\Documents\GitHub\gmod-lua-shared\Bootil\src\3rdParty\stb_image\stb_image.h(2958,49): warning C4312: "Typumwandlung": Konvertierung von "int" in größeren Typ "unsigned char *"
C:\Users\rapha\Documents\GitHub\gmod-lua-shared\Bootil\src\3rdParty\stb_image\stb_image.h(2964,66): warning C4312: "Typumwandlung": Konvertierung von "int" in größeren Typ "unsigned char *"
C:\Users\rapha\Documents\GitHub\gmod-lua-shared\Bootil\src\3rdParty\stb_image\stb_image.h(2972,32): warning C4312: "Typumwandlung": Konvertierung von "int" in größeren Typ "unsigned char *"
C:\Users\rapha\Documents\GitHub\gmod-lua-shared\Bootil\src\3rdParty\stb_image\stb_image.h(2974,25): warning C4312: "Typumwandlung": Konvertierung von "int" in größeren Typ "unsigned char *"
C:\Users\rapha\Documents\GitHub\gmod-lua-shared\Bootil\src\3rdParty\stb_image\stb_image.h(2982,50): warning C4312: "Typumwandlung": Konvertierung von "int" in größeren Typ "unsigned char *"
C:\Users\rapha\Documents\GitHub\gmod-lua-shared\Bootil\src\3rdParty\stb_image\stb_image.h(3016,26): warning C4312: "Typumwandlung": Konvertierung von "int" in größeren Typ "unsigned char *"
C:\Users\rapha\Documents\GitHub\gmod-lua-shared\Bootil\src\3rdParty\stb_image\stb_image.h(3019,23): warning C4312: "Typumwandlung": Konvertierung von "int" in größeren Typ "unsigned char *"
C:\Users\rapha\Documents\GitHub\gmod-lua-shared\Bootil\src\3rdParty\stb_image\stb_image.h(3040,21): warning C4312: "Typumwandlung": Konvertierung von "int" in größeren Typ "unsigned char *"
C:\Users\rapha\Documents\GitHub\gmod-lua-shared\Bootil\src\3rdParty\stb_image\stb_image.h(3043,58): warning C4312: "Typumwandlung": Konvertierung von "int" in größeren Typ "unsigned char *"
C:\Users\rapha\Documents\GitHub\gmod-lua-shared\Bootil\src\3rdParty\stb_image\stb_image.h(3054,32): warning C4312: "Typumwandlung": Konvertierung von "int" in größeren Typ "unsigned char *"
C:\Users\rapha\Documents\GitHub\gmod-lua-shared\Bootil\src\3rdParty\stb_image\stb_image.h(3092,53): warning C4312: "Typumwandlung": Konvertierung von "int" in größeren Typ "unsigned char *"
C:\Users\rapha\Documents\GitHub\gmod-lua-shared\Bootil\src\3rdParty\stb_image\stb_image.h(3290,26): warning C4312: "Typumwandlung": Konvertierung von "int" in größeren Typ "unsigned char *"
C:\Users\rapha\Documents\GitHub\gmod-lua-shared\Bootil\src\3rdParty\stb_image\stb_image.h(3301,32): warning C4312: "Typumwandlung": Konvertierung von "int" in größeren Typ "unsigned char *"
C:\Users\rapha\Documents\GitHub\gmod-lua-shared\Bootil\src\3rdParty\stb_image\stb_image.h(3305,17): warning C4312: "Typumwandlung": Konvertierung von "int" in größeren Typ "unsigned char *"
C:\Users\rapha\Documents\GitHub\gmod-lua-shared\Bootil\src\3rdParty\stb_image\stb_image.h(3482,14): warning C4312: "Typumwandlung": Konvertierung von "int" in größeren Typ "unsigned char *"
C:\Users\rapha\Documents\GitHub\gmod-lua-shared\Bootil\src\3rdParty\stb_image\stb_image.h(3486,14): warning C4312: "Typumwandlung": Konvertierung von "int" in größeren Typ "unsigned char *"
C:\Users\rapha\Documents\GitHub\gmod-lua-shared\Bootil\src\3rdParty\stb_image\stb_image.h(3494,14): warning C4312: "Typumwandlung": Konvertierung von "int" in größeren Typ "unsigned char *"
C:\Users\rapha\Documents\GitHub\gmod-lua-shared\Bootil\src\3rdParty\stb_image\stb_image.h(3502,14): warning C4312: "Typumwandlung": Konvertierung von "int" in größeren Typ "unsigned char *"
C:\Users\rapha\Documents\GitHub\gmod-lua-shared\Bootil\src\3rdParty\stb_image\stb_image.h(3515,14): warning C4312: "Typumwandlung": Konvertierung von "int" in größeren Typ "unsigned char *"
C:\Users\rapha\Documents\GitHub\gmod-lua-shared\Bootil\src\3rdParty\stb_image\stb_image.h(3532,14): warning C4312: "Typumwandlung": Konvertierung von "int" in größeren Typ "unsigned char *"
C:\Users\rapha\Documents\GitHub\gmod-lua-shared\Bootil\src\3rdParty\stb_image\stb_image.h(3536,21): warning C4312: "Typumwandlung": Konvertierung von "int" in größeren Typ "unsigned char *"
C:\Users\rapha\Documents\GitHub\gmod-lua-shared\Bootil\src\3rdParty\stb_image\stb_image.h(3679,32): warning C4312: "Typumwandlung": Konvertierung von "int" in größeren Typ "unsigned char *"
C:\Users\rapha\Documents\GitHub\gmod-lua-shared\Bootil\src\3rdParty\stb_image\stb_image.h(3707,17): warning C4312: "Typumwandlung": Konvertierung von "int" in größeren Typ "unsigned char *"
C:\Users\rapha\Documents\GitHub\gmod-lua-shared\Bootil\src\3rdParty\stb_image\stb_image.h(3718,38): warning C4312: "Typumwandlung": Konvertierung von "int" in größeren Typ "unsigned char *"
C:\Users\rapha\Documents\GitHub\gmod-lua-shared\Bootil\src\3rdParty\stb_image\stb_image.h(3719,38): warning C4312: "Typumwandlung": Konvertierung von "int" in größeren Typ "unsigned char *"
C:\Users\rapha\Documents\GitHub\gmod-lua-shared\Bootil\src\3rdParty\stb_image\stb_image.h(3733,23): warning C4312: "Typumwandlung": Konvertierung von "int" in größeren Typ "unsigned char *"
C:\Users\rapha\Documents\GitHub\gmod-lua-shared\Bootil\src\3rdParty\stb_image\stb_image.h(3752,46): warning C4312: "Typumwandlung": Konvertierung von "int" in größeren Typ "unsigned char *"
C:\Users\rapha\Documents\GitHub\gmod-lua-shared\Bootil\src\3rdParty\stb_image\stb_image.h(3770,42): warning C4312: "Typumwandlung": Konvertierung von "int" in größeren Typ "unsigned char *"
C:\Users\rapha\Documents\GitHub\gmod-lua-shared\Bootil\src\3rdParty\stb_image\stb_image.h(3781,32): warning C4312: "Typumwandlung": Konvertierung von "int" in größeren Typ "unsigned char *"
C:\Users\rapha\Documents\GitHub\gmod-lua-shared\Bootil\src\3rdParty\stb_image\stb_image.h(3790,45): warning C4312: "Typumwandlung": Konvertierung von "int" in größeren Typ "unsigned char *"
C:\Users\rapha\Documents\GitHub\gmod-lua-shared\Bootil\src\3rdParty\stb_image\stb_image.h(3817,27): warning C4312: "Typumwandlung": Konvertierung von "int" in größeren Typ "unsigned char *"
C:\Users\rapha\Documents\GitHub\gmod-lua-shared\Bootil\src\3rdParty\stb_image\stb_image.h(3818,34): warning C4312: "Typumwandlung": Konvertierung von "int" in größeren Typ "unsigned char *"
C:\Users\rapha\Documents\GitHub\gmod-lua-shared\Bootil\src\3rdParty\stb_image\stb_image.h(4032,31): warning C4312: "Typumwandlung": Konvertierung von "int" in größeren Typ "unsigned char *"
C:\Users\rapha\Documents\GitHub\gmod-lua-shared\Bootil\src\3rdParty\stb_image\stb_image.h(4036,48): warning C4312: "Typumwandlung": Konvertierung von "int" in größeren Typ "unsigned char *"
C:\Users\rapha\Documents\GitHub\gmod-lua-shared\Bootil\src\3rdParty\stb_image\stb_image.h(4041,23): warning C4312: "Typumwandlung": Konvertierung von "int" in größeren Typ "unsigned char *"
C:\Users\rapha\Documents\GitHub\gmod-lua-shared\Bootil\src\3rdParty\stb_image\stb_image.h(4052,20): warning C4312: "Typumwandlung": Konvertierung von "int" in größeren Typ "unsigned char *"
C:\Users\rapha\Documents\GitHub\gmod-lua-shared\Bootil\src\3rdParty\stb_image\stb_image.h(4081,52): warning C4312: "Typumwandlung": Konvertierung von "int" in größeren Typ "unsigned char *"
C:\Users\rapha\Documents\GitHub\gmod-lua-shared\Bootil\src\3rdParty\stb_image\stb_image.h(4088,52): warning C4312: "Typumwandlung": Konvertierung von "int" in größeren Typ "unsigned char *"
C:\Users\rapha\Documents\GitHub\gmod-lua-shared\Bootil\src\3rdParty\stb_image\stb_image.h(4105,23): warning C4312: "Typumwandlung": Konvertierung von "int" in größeren Typ "unsigned char *"
C:\Users\rapha\Documents\GitHub\gmod-lua-shared\Bootil\src\3rdParty\stb_image\stb_image.h(4135,23): warning C4312: "Typumwandlung": Konvertierung von "int" in größeren Typ "unsigned char *"
C:\Users\rapha\Documents\GitHub\gmod-lua-shared\Bootil\src\3rdParty\stb_image\stb_image.h(4168,20): warning C4312: "Typumwandlung": Konvertierung von "int" in größeren Typ "unsigned char *"
C:\Users\rapha\Documents\GitHub\gmod-lua-shared\Bootil\src\3rdParty\stb_image\stb_image.h(4280,14): warning C4312: "Typumwandlung": Konvertierung von "int" in größeren Typ "float *"
C:\Users\rapha\Documents\GitHub\gmod-lua-shared\Bootil\src\3rdParty\stb_image\stb_image.h(4289,26): warning C4312: "Typumwandlung": Konvertierung von "int" in größeren Typ "float *"
C:\Users\rapha\Documents\GitHub\gmod-lua-shared\Bootil\src\3rdParty\stb_image\stb_image.h(4294,42): warning C4312: "Typumwandlung": Konvertierung von "int" in größeren Typ "float *"
C:\Users\rapha\Documents\GitHub\gmod-lua-shared\Bootil\src\3rdParty\stb_image\stb_image.h(4298,42): warning C4312: "Typumwandlung": Konvertierung von "int" in größeren Typ "float *"
C:\Users\rapha\Documents\GitHub\gmod-lua-shared\Bootil\src\3rdParty\stb_image\stb_image.h(4347,69): warning C4312: "Typumwandlung": Konvertierung von "int" in größeren Typ "float *"
  HTTP.cpp
C:\Users\rapha\Documents\GitHub\gmod-lua-shared\Bootil\src\Bootil\Network\HTTP.cpp(69,75): warning C4267: "Argument": Konvertierung von "size_t" nach "int", Datenverlust möglich
  Code wird generiert...
  Kompilieren...
  Network.cpp
C:\Users\rapha\Documents\GitHub\gmod-lua-shared\Bootil\src\Bootil\Network\Network.cpp(51,19): warning C4996: 'inet_addr': Use inet_pton() or InetPton() instead or define _WINSOCK_DEPRECATED_NO_WARNINGS to disable deprecated API warnings
  Socket.cpp
C:\Users\rapha\Documents\GitHub\gmod-lua-shared\Bootil\src\Bootil\Network\Socket.cpp(44,22): warning C4244: "=": Konvertierung von "SOCKET" in "int", möglicher Datenverlust
C:\Users\rapha\Documents\GitHub\gmod-lua-shared\Bootil\src\Bootil\Network\Socket.cpp(83,22): warning C4244: "=": Konvertierung von "SOCKET" in "int", möglicher Datenverlust
C:\Users\rapha\Documents\GitHub\gmod-lua-shared\Bootil\src\Bootil\Network\Socket.cpp(94,9): warning C4996: 'inet_addr': Use inet_pton() or InetPton() instead or define _WINSOCK_DEPRECATED_NO_WARNINGS to disable deprecated API warnings
C:\Users\rapha\Documents\GitHub\gmod-lua-shared\Bootil\src\Bootil\Network\Socket.cpp(96,10): warning C4996: 'gethostbyname': Use getaddrinfo() or GetAddrInfoW() instead or define _WINSOCK_DEPRECATED_NO_WARNINGS to disable deprecated API warnings
C:\Users\rapha\Documents\GitHub\gmod-lua-shared\Bootil\src\Bootil\Network\Socket.cpp(100,26): warning C4996: 'inet_addr': Use inet_pton() or InetPton() instead or define _WINSOCK_DEPRECATED_NO_WARNINGS to disable deprecated API warnings
C:\Users\rapha\Documents\GitHub\gmod-lua-shared\Bootil\src\Bootil\Network\Socket.cpp(101,10): warning C4996: 'gethostbyaddr': Use getnameinfo() or GetNameInfoW() instead or define _WINSOCK_DEPRECATED_NO_WARNINGS to disable deprecated API warnings
C:\Users\rapha\Documents\GitHub\gmod-lua-shared\Bootil\src\Bootil\Network\Socket.cpp(150,25): warning C4244: "Initialisierung": Konvertierung von "SOCKET" in "unsigned int", möglicher Datenverlust
  Platform_LINUX.cpp
  Platform_NULL.cpp
  Platform_OSX.cpp
  Platform_WINDOWS.cpp
C:\Users\rapha\Documents\GitHub\gmod-lua-shared\Bootil\src\Bootil\Platform\Platform_WINDOWS.cpp(76,65): warning C4996: 'tmpnam': This function or variable may be unsafe. Consider using tmpnam_s instead. To disable deprecation, use _CRT_SECURE_NO_WARNINGS. See online help for details.
C:\Users\rapha\Documents\GitHub\gmod-lua-shared\Bootil\src\Bootil\Platform\Platform_WINDOWS.cpp(101,83): warning C4267: "Argument": Konvertierung von "size_t" nach "DWORD", Datenverlust möglich
C:\Users\rapha\Documents\GitHub\gmod-lua-shared\Bootil\src\Bootil\Platform\Platform_WINDOWS.cpp(169,4): warning C4996: 'chdir': The POSIX name for this item is deprecated. Instead, use the ISO C and C++ conformant name: _chdir. See online help for details.
C:\Users\rapha\Documents\GitHub\gmod-lua-shared\Bootil\src\Bootil\Platform\Platform_WINDOWS.cpp(182,4): warning C4996: 'spawnv': The POSIX name for this item is deprecated. Instead, use the ISO C and C++ conformant name: _spawnv. See online help for details.
C:\Users\rapha\Documents\GitHub\gmod-lua-shared\Bootil\src\Bootil\Platform\Platform_WINDOWS.cpp(257,20): warning C4996: 'kbhit': The POSIX name for this item is deprecated. Instead, use the ISO C and C++ conformant name: _kbhit. See online help for details.
  Mutex.cpp
  Thread.cpp
  Utility.cpp
  Buffer.cpp
  Math.cpp
C:\Users\rapha\Documents\GitHub\gmod-lua-shared\Bootil\src\Bootil\Types\Math.cpp(11,36): warning C4244: "Argument": Konvertierung von "time_t" in "unsigned int", möglicher Datenverlust
  String.cpp
  String_Convert.cpp
C:\Program Files\Microsoft Visual Studio\2022\Community\VC\Tools\MSVC\14.37.32822\include\xutility(4612,18): warning C4244: "=": Konvertierung von "const wchar_t" in "char", möglicher Datenverlust
C:\Program Files\Microsoft Visual Studio\2022\Community\VC\Tools\MSVC\14.37.32822\include\xutility(4624,31): message : Siehe Verweis auf die gerade kompilierte Instanziierung "_OutIt *std::_Copy_unchecked<const wchar_t*,const wchar_t*,char*>(_InIt,_Sent,_OutIt)" der Funktions-Vorlage.
          with
          [
              _OutIt=char *,
              _InIt=const wchar_t *,
              _Sent=const wchar_t *
          ]
C:\Users\rapha\Documents\GitHub\gmod-lua-shared\Bootil\src\Bootil\Types\String_Convert.cpp(12,10): message : Siehe Verweis auf die gerade kompilierte Instanziierung "_OutIt std::copy<std::_String_const_iterator<std::_String_val<std::_Simple_types<_Elem>>>,std::_String_iterator<std::_String_val<std::_Simple_types<char>>>>(_InIt,_InIt,_OutIt)" der Funktions-Vorlage.
          with
          [
              _OutIt=std::_String_iterator<std::_String_val<std::_Simple_types<char>>>,
              _Elem=wchar_t,
              _InIt=std::_String_const_iterator<std::_String_val<std::_Simple_types<wchar_t>>>
          ]
  String_Encode.cpp
  String_File.cpp
C:\Users\rapha\Documents\GitHub\gmod-lua-shared\Bootil\src\Bootil\Types\String_File.cpp(43,11): warning C4267: "Initialisierung": Konvertierung von "size_t" nach "int", Datenverlust möglich
C:\Users\rapha\Documents\GitHub\gmod-lua-shared\Bootil\src\Bootil\Types\String_File.cpp(45,53): warning C4267: "=": Konvertierung von "size_t" nach "int", Datenverlust möglich
C:\Users\rapha\Documents\GitHub\gmod-lua-shared\Bootil\src\Bootil\Types\String_File.cpp(54,11): warning C4267: "Initialisierung": Konvertierung von "size_t" nach "int", Datenverlust möglich
C:\Users\rapha\Documents\GitHub\gmod-lua-shared\Bootil\src\Bootil\Types\String_File.cpp(56,53): warning C4267: "=": Konvertierung von "size_t" nach "int", Datenverlust möglich
C:\Users\rapha\Documents\GitHub\gmod-lua-shared\Bootil\src\Bootil\Types\String_File.cpp(65,11): warning C4267: "Initialisierung": Konvertierung von "size_t" nach "int", Datenverlust möglich
C:\Users\rapha\Documents\GitHub\gmod-lua-shared\Bootil\src\Bootil\Types\String_File.cpp(74,11): warning C4267: "Initialisierung": Konvertierung von "size_t" nach "int", Datenverlust möglich
C:\Users\rapha\Documents\GitHub\gmod-lua-shared\Bootil\src\Bootil\Types\String_File.cpp(93,23): warning C4267: "Initialisierung": Konvertierung von "size_t" nach "int", Datenverlust möglich
C:\Users\rapha\Documents\GitHub\gmod-lua-shared\Bootil\src\Bootil\Types\String_File.cpp(104,11): warning C4267: "Initialisierung": Konvertierung von "size_t" nach "int", Datenverlust möglich
C:\Users\rapha\Documents\GitHub\gmod-lua-shared\Bootil\src\Bootil\Types\String_File.cpp(106,53): warning C4267: "=": Konvertierung von "size_t" nach "int", Datenverlust möglich
  String_Format.cpp
C:\Users\rapha\Documents\GitHub\gmod-lua-shared\Bootil\src\Bootil\Types\String_Format.cpp(85,26): warning C4267: "Initialisierung": Konvertierung von "size_t" nach "unsigned int", Datenverlust möglich
C:\Users\rapha\Documents\GitHub\gmod-lua-shared\Bootil\src\Bootil\Types\String_Format.cpp(102,27): warning C4996: 'localtime': This function or variable may be unsafe. Consider using localtime_s instead. To disable deprecation, use _CRT_SECURE_NO_WARNINGS. See online help for details.
  String_Sanitize.cpp
  String_Test.cpp
  String_To.cpp
C:\Users\rapha\Documents\GitHub\gmod-lua-shared\Bootil\src\Bootil\Types\String_To.cpp(19,5): warning C4996: 'sscanf': This function or variable may be unsafe. Consider using sscanf_s instead. To disable deprecation, use _CRT_SECURE_NO_WARNINGS. See online help for details.
  String_URL.cpp
  Code wird generiert...
  Kompilieren...
  String_Util.cpp
C:\Users\rapha\Documents\GitHub\gmod-lua-shared\Bootil\src\Bootil\Types\String_Util.cpp(40,17): warning C4267: "Initialisierung": Konvertierung von "size_t" nach "int", Datenverlust möglich
C:\Users\rapha\Documents\GitHub\gmod-lua-shared\Bootil\src\Bootil\Types\String_Util.cpp(41,17): warning C4267: "Initialisierung": Konvertierung von "size_t" nach "int", Datenverlust möglich
C:\Users\rapha\Documents\GitHub\gmod-lua-shared\Bootil\src\Bootil\Types\String_Util.cpp(42,11): warning C4267: "Initialisierung": Konvertierung von "size_t" nach "int", Datenverlust möglich
C:\Users\rapha\Documents\GitHub\gmod-lua-shared\Bootil\src\Bootil\Types\String_Util.cpp(48,18): warning C4267: "=": Konvertierung von "size_t" nach "int", Datenverlust möglich
C:\Users\rapha\Documents\GitHub\gmod-lua-shared\Bootil\src\Bootil\Types\String_Util.cpp(101,80): warning C4267: "Argument": Konvertierung von "size_t" nach "T", Datenverlust möglich
          with
          [
              T=int
          ]
  CommandLine.cpp
C:\Users\rapha\Documents\GitHub\gmod-lua-shared\Bootil\src\Bootil\Utility\CommandLine.cpp(29,25): warning C4267: "return": Konvertierung von "size_t" nach "int", Datenverlust möglich
  Compression.cpp
C:\Users\rapha\Documents\GitHub\gmod-lua-shared\Bootil\src\Bootil\Utility\Compression.cpp(42,44): warning C4244: "Argument": Konvertierung von "double" in "unsigned int", möglicher Datenverlust
C:\Users\rapha\Documents\GitHub\gmod-lua-shared\Bootil\src\Bootil\Utility\Compression.cpp(72,53): warning C4244: "Argument": Konvertierung von "float" in "unsigned int", möglicher Datenverlust
C:\Users\rapha\Documents\GitHub\gmod-lua-shared\Bootil\src\Bootil\Utility\Compression.cpp(194,24): warning C4267: "return": Konvertierung von "size_t" nach "int", Datenverlust möglich
  CompressionLZMA.cpp
C:\Users\rapha\Documents\GitHub\gmod-lua-shared\Bootil\src\Bootil\Utility\CompressionLZMA.cpp(30,74): warning C4267: "Argument": Konvertierung von "size_t" nach "unsigned int", Datenverlust möglich
C:\Users\rapha\Documents\GitHub\gmod-lua-shared\Bootil\src\Bootil\Utility\CompressionLZMA.cpp(67,26): warning C4267: "Initialisierung": Konvertierung von "size_t" nach "unsigned int", Datenverlust möglich
C:\Users\rapha\Documents\GitHub\gmod-lua-shared\Bootil\src\Bootil\Utility\CompressionLZMA.cpp(111,50): warning C4267: "Argument": Konvertierung von "size_t" nach "unsigned int", Datenverlust möglich
C:\Users\rapha\Documents\GitHub\gmod-lua-shared\Bootil\src\Bootil\Utility\CompressionLZMA.cpp(128,40): warning C4267: "Argument": Konvertierung von "size_t" nach "unsigned int", Datenverlust möglich
C:\Users\rapha\Documents\GitHub\gmod-lua-shared\Bootil\src\Bootil\Utility\CompressionLZMA.cpp(129,36): warning C4267: "Argument": Konvertierung von "size_t" nach "unsigned int", Datenverlust möglich
C:\Users\rapha\Documents\GitHub\gmod-lua-shared\Bootil\src\Bootil\Utility\CompressionLZMA.cpp(186,18): warning C4267: "+=": Konvertierung von "size_t" nach "unsigned int", Datenverlust möglich
C:\Users\rapha\Documents\GitHub\gmod-lua-shared\Bootil\src\Bootil\Utility\CompressionLZMA.cpp(211,65): warning C4267: "Argument": Konvertierung von "size_t" nach "unsigned int", Datenverlust möglich
C:\Users\rapha\Documents\GitHub\gmod-lua-shared\Bootil\src\Bootil\Utility\CompressionLZMA.cpp(214,15): warning C4267: "+=": Konvertierung von "size_t" nach "unsigned int", Datenverlust möglich
C:\Users\rapha\Documents\GitHub\gmod-lua-shared\Bootil\src\Bootil\Utility\CompressionLZMA.cpp(219,45): warning C4267: "Argument": Konvertierung von "size_t" nach "unsigned int", Datenverlust möglich
C:\Users\rapha\Documents\GitHub\gmod-lua-shared\Bootil\src\Bootil\Utility\CompressionLZMA.cpp(219,35): warning C4267: "Argument": Konvertierung von "size_t" nach "unsigned int", Datenverlust möglich
  Hasher.cpp
C:\Users\rapha\Documents\GitHub\gmod-lua-shared\Bootil\src\Bootil\Utility\Hasher.cpp(26,49): warning C4267: "Argument": Konvertierung von "size_t" nach "unsigned int", Datenverlust möglich
C:\Users\rapha\Documents\GitHub\gmod-lua-shared\Bootil\src\Bootil\Utility\Hasher.cpp(57,49): warning C4267: "Argument": Konvertierung von "size_t" nach "unsigned int", Datenverlust möglich
  PackFile.cpp
  Processes.cpp
  Time.cpp
C:\Users\rapha\Documents\GitHub\gmod-lua-shared\Bootil\src\Bootil\Utility\Time.cpp(36,15): warning C4996: 'localtime': This function or variable may be unsafe. Consider using localtime_s instead. To disable deprecation, use _CRT_SECURE_NO_WARNINGS. See online help for details.
C:\Users\rapha\Documents\GitHub\gmod-lua-shared\Bootil\src\Bootil\Utility\Time.cpp(50,15): warning C4996: 'localtime': This function or variable may be unsafe. Consider using localtime_s instead. To disable deprecation, use _CRT_SECURE_NO_WARNINGS. See online help for details.
  Code wird generiert...
  bootil_static.vcxproj -> C:\Users\rapha\Documents\GitHub\gmod-lua-shared\Bootil\projects\debug_x64_windows\bootil_static.lib
